<?xml version="1.0" encoding="UTF-8"?>
<coverage generated="1671246660742" clover="3.2.0">
  <project timestamp="1671246660743" name="All files">
    <metrics statements="124" coveredstatements="77" conditionals="23" coveredconditionals="13" methods="43" coveredmethods="25" elements="190" coveredelements="115" complexity="0" loc="124" ncloc="124" packages="6" files="16" classes="16"/>
    <package name="assets">
      <metrics statements="2" coveredstatements="2" conditionals="0" coveredconditionals="0" methods="0" coveredmethods="0"/>
      <file name="icon.png" path="C:\Users\migue\Downloads\Projects\hlingo-frontend\assets\icon.png">
        <metrics statements="1" coveredstatements="1" conditionals="0" coveredconditionals="0" methods="0" coveredmethods="0"/>
        <line num="1" count="1" type="stmt"/>
      </file>
      <file name="user.png" path="C:\Users\migue\Downloads\Projects\hlingo-frontend\assets\user.png">
        <metrics statements="1" coveredstatements="1" conditionals="0" coveredconditionals="0" methods="0" coveredmethods="0"/>
        <line num="1" count="1" type="stmt"/>
      </file>
    </package>
    <package name="src.components">
      <metrics statements="60" coveredstatements="47" conditionals="15" coveredconditionals="13" methods="23" coveredmethods="20"/>
      <file name="AvatarProfile.tsx" path="C:\Users\migue\Downloads\Projects\hlingo-frontend\src\components\AvatarProfile.tsx">
        <metrics statements="2" coveredstatements="2" conditionals="0" coveredconditionals="0" methods="1" coveredmethods="1"/>
        <line num="3" count="1" type="stmt"/>
        <line num="4" count="1" type="stmt"/>
      </file>
      <file name="LoginForm.tsx" path="C:\Users\migue\Downloads\Projects\hlingo-frontend\src\components\LoginForm.tsx">
        <metrics statements="16" coveredstatements="14" conditionals="4" coveredconditionals="4" methods="6" coveredmethods="6"/>
        <line num="23" count="1" type="stmt"/>
        <line num="24" count="12" type="stmt"/>
        <line num="32" count="12" type="stmt"/>
        <line num="34" count="12" type="stmt"/>
        <line num="36" count="12" type="stmt"/>
        <line num="37" count="1" type="stmt"/>
        <line num="38" count="1" type="stmt"/>
        <line num="39" count="1" type="stmt"/>
        <line num="41" count="0" type="stmt"/>
        <line num="42" count="0" type="stmt"/>
        <line num="49" count="1" type="stmt"/>
        <line num="53" count="12" type="stmt"/>
        <line num="63" count="16" type="stmt"/>
        <line num="65" count="4" type="stmt"/>
        <line num="91" count="16" type="stmt"/>
        <line num="93" count="4" type="stmt"/>
      </file>
      <file name="MainLogo.tsx" path="C:\Users\migue\Downloads\Projects\hlingo-frontend\src\components\MainLogo.tsx">
        <metrics statements="3" coveredstatements="3" conditionals="1" coveredconditionals="1" methods="1" coveredmethods="1"/>
        <line num="3" count="1" type="stmt"/>
        <line num="22" count="1" type="cond" truecount="1" falsecount="0"/>
        <line num="23" count="2" type="stmt"/>
      </file>
      <file name="ProfileForm.tsx" path="C:\Users\migue\Downloads\Projects\hlingo-frontend\src\components\ProfileForm.tsx">
        <metrics statements="19" coveredstatements="10" conditionals="4" coveredconditionals="2" methods="7" coveredmethods="4"/>
        <line num="21" count="1" type="stmt"/>
        <line num="22" count="2" type="stmt"/>
        <line num="23" count="2" type="stmt"/>
        <line num="24" count="2" type="stmt"/>
        <line num="25" count="2" type="stmt"/>
        <line num="36" count="2" type="stmt"/>
        <line num="37" count="0" type="stmt"/>
        <line num="38" count="0" type="stmt"/>
        <line num="39" count="0" type="stmt"/>
        <line num="40" count="0" type="stmt"/>
        <line num="47" count="0" type="stmt"/>
        <line num="48" count="0" type="stmt"/>
        <line num="55" count="0" type="stmt"/>
        <line num="59" count="2" type="stmt"/>
        <line num="76" count="0" type="stmt"/>
        <line num="87" count="4" type="stmt"/>
        <line num="89" count="2" type="stmt"/>
        <line num="115" count="2" type="stmt"/>
        <line num="117" count="0" type="stmt"/>
      </file>
      <file name="RegisterForm.tsx" path="C:\Users\migue\Downloads\Projects\hlingo-frontend\src\components\RegisterForm.tsx">
        <metrics statements="20" coveredstatements="18" conditionals="6" coveredconditionals="6" methods="8" coveredmethods="8"/>
        <line num="25" count="1" type="stmt"/>
        <line num="26" count="16" type="stmt"/>
        <line num="36" count="16" type="stmt"/>
        <line num="37" count="16" type="stmt"/>
        <line num="39" count="16" type="stmt"/>
        <line num="40" count="1" type="stmt"/>
        <line num="41" count="1" type="stmt"/>
        <line num="42" count="1" type="stmt"/>
        <line num="43" count="1" type="stmt"/>
        <line num="49" count="1" type="stmt"/>
        <line num="51" count="0" type="stmt"/>
        <line num="52" count="0" type="stmt"/>
        <line num="59" count="1" type="stmt"/>
        <line num="63" count="16" type="stmt"/>
        <line num="72" count="21" type="stmt"/>
        <line num="74" count="5" type="stmt"/>
        <line num="100" count="21" type="stmt"/>
        <line num="102" count="5" type="stmt"/>
        <line num="128" count="21" type="stmt"/>
        <line num="130" count="5" type="stmt"/>
      </file>
    </package>
    <package name="src.config">
      <metrics statements="5" coveredstatements="5" conditionals="0" coveredconditionals="0" methods="2" coveredmethods="2"/>
      <file name="test-utils.tsx" path="C:\Users\migue\Downloads\Projects\hlingo-frontend\src\config\test-utils.tsx">
        <metrics statements="5" coveredstatements="5" conditionals="0" coveredconditionals="0" methods="2" coveredmethods="2"/>
        <line num="8" count="5" type="stmt"/>
        <line num="13" count="5" type="stmt"/>
        <line num="14" count="16" type="stmt"/>
        <line num="23" count="5" type="stmt"/>
        <line num="26" count="16" type="stmt"/>
      </file>
    </package>
    <package name="src.context.auth">
      <metrics statements="46" coveredstatements="15" conditionals="6" coveredconditionals="0" methods="17" coveredmethods="3"/>
      <file name="AuthContext.tsx" path="C:\Users\migue\Downloads\Projects\hlingo-frontend\src\context\auth\AuthContext.tsx">
        <metrics statements="1" coveredstatements="1" conditionals="0" coveredconditionals="0" methods="0" coveredmethods="0"/>
        <line num="18" count="5" type="stmt"/>
      </file>
      <file name="AuthProvider.tsx" path="C:\Users\migue\Downloads\Projects\hlingo-frontend\src\context\auth\AuthProvider.tsx">
        <metrics statements="39" coveredstatements="13" conditionals="2" coveredconditionals="0" methods="16" coveredmethods="3"/>
        <line num="9" count="5" type="stmt"/>
        <line num="11" count="5" type="stmt"/>
        <line num="16" count="5" type="stmt"/>
        <line num="17" count="16" type="stmt"/>
        <line num="19" count="16" type="stmt"/>
        <line num="20" count="16" type="stmt"/>
        <line num="21" count="16" type="stmt"/>
        <line num="23" count="0" type="cond" truecount="0" falsecount="2"/>
        <line num="24" count="0" type="stmt"/>
        <line num="25" count="0" type="stmt"/>
        <line num="28" count="0" type="stmt"/>
        <line num="29" count="0" type="stmt"/>
        <line num="30" count="0" type="stmt"/>
        <line num="32" count="0" type="stmt"/>
        <line num="33" count="0" type="stmt"/>
        <line num="34" count="0" type="stmt"/>
        <line num="38" count="16" type="stmt"/>
        <line num="41" count="16" type="stmt"/>
        <line num="42" count="0" type="stmt"/>
        <line num="43" count="0" type="stmt"/>
        <line num="48" count="0" type="stmt"/>
        <line num="49" count="0" type="stmt"/>
        <line num="50" count="0" type="stmt"/>
        <line num="53" count="0" type="stmt"/>
        <line num="58" count="16" type="stmt"/>
        <line num="63" count="0" type="stmt"/>
        <line num="64" count="0" type="stmt"/>
        <line num="69" count="0" type="stmt"/>
        <line num="72" count="0" type="stmt"/>
        <line num="77" count="16" type="stmt"/>
        <line num="78" count="0" type="stmt"/>
        <line num="79" count="0" type="stmt"/>
        <line num="82" count="16" type="stmt"/>
        <line num="83" count="0" type="stmt"/>
        <line num="84" count="0" type="stmt"/>
        <line num="87" count="0" type="stmt"/>
        <line num="88" count="0" type="stmt"/>
        <line num="91" count="0" type="stmt"/>
        <line num="96" count="16" type="stmt"/>
      </file>
      <file name="authReducer.ts" path="C:\Users\migue\Downloads\Projects\hlingo-frontend\src\context\auth\authReducer.ts">
        <metrics statements="6" coveredstatements="1" conditionals="4" coveredconditionals="0" methods="1" coveredmethods="0"/>
        <line num="13" count="5" type="stmt"/>
        <line num="14" count="0" type="cond" truecount="0" falsecount="4"/>
        <line num="16" count="0" type="stmt"/>
        <line num="22" count="0" type="stmt"/>
        <line num="28" count="0" type="stmt"/>
        <line num="34" count="0" type="stmt"/>
      </file>
      <file name="index.ts" path="C:\Users\migue\Downloads\Projects\hlingo-frontend\src\context\auth\index.ts">
        <metrics statements="0" coveredstatements="0" conditionals="0" coveredconditionals="0" methods="0" coveredmethods="0"/>
      </file>
    </package>
    <package name="src.theme">
      <metrics statements="2" coveredstatements="2" conditionals="0" coveredconditionals="0" methods="0" coveredmethods="0"/>
      <file name="index.ts" path="C:\Users\migue\Downloads\Projects\hlingo-frontend\src\theme\index.ts">
        <metrics statements="2" coveredstatements="2" conditionals="0" coveredconditionals="0" methods="0" coveredmethods="0"/>
        <line num="4" count="5" type="stmt"/>
        <line num="10" count="5" type="stmt"/>
      </file>
    </package>
    <package name="src.utils">
      <metrics statements="9" coveredstatements="6" conditionals="2" coveredconditionals="0" methods="1" coveredmethods="0"/>
      <file name="api.ts" path="C:\Users\migue\Downloads\Projects\hlingo-frontend\src\utils\api.ts">
        <metrics statements="5" coveredstatements="2" conditionals="2" coveredconditionals="0" methods="1" coveredmethods="0"/>
        <line num="4" count="5" type="stmt"/>
        <line num="8" count="5" type="stmt"/>
        <line num="9" count="0" type="stmt"/>
        <line num="10" count="0" type="cond" truecount="0" falsecount="2"/>
        <line num="12" count="0" type="stmt"/>
      </file>
      <file name="index.ts" path="C:\Users\migue\Downloads\Projects\hlingo-frontend\src\utils\index.ts">
        <metrics statements="0" coveredstatements="0" conditionals="0" coveredconditionals="0" methods="0" coveredmethods="0"/>
      </file>
      <file name="resolvers.ts" path="C:\Users\migue\Downloads\Projects\hlingo-frontend\src\utils\resolvers.ts">
        <metrics statements="4" coveredstatements="4" conditionals="0" coveredconditionals="0" methods="0" coveredmethods="0"/>
        <line num="5" count="5" type="stmt"/>
        <line num="23" count="5" type="stmt"/>
        <line num="30" count="5" type="stmt"/>
        <line num="38" count="5" type="stmt"/>
      </file>
    </package>
  </project>
</coverage>
