<?xml version="1.0" encoding="UTF-8"?>
<coverage generated="1668826302964" clover="3.2.0">
  <project timestamp="1668826302964" name="All files">
    <metrics statements="84" coveredstatements="58" conditionals="16" coveredconditionals="11" methods="26" coveredmethods="20" elements="126" coveredelements="89" complexity="0" loc="84" ncloc="84" packages="6" files="13" classes="13"/>
    <package name="assets">
      <metrics statements="1" coveredstatements="1" conditionals="0" coveredconditionals="0" methods="0" coveredmethods="0"/>
      <file name="icon.png" path="C:\Users\migue\Downloads\Projects\hlingo-frontend\assets\icon.png">
        <metrics statements="1" coveredstatements="1" conditionals="0" coveredconditionals="0" methods="0" coveredmethods="0"/>
        <line num="1" count="1" type="stmt"/>
      </file>
    </package>
    <package name="src.components">
      <metrics statements="35" coveredstatements="33" conditionals="11" coveredconditionals="11" methods="15" coveredmethods="15"/>
      <file name="LoginForm.tsx" path="C:\Users\migue\Downloads\Projects\hlingo-frontend\src\components\LoginForm.tsx">
        <metrics statements="15" coveredstatements="14" conditionals="4" coveredconditionals="4" methods="6" coveredmethods="6"/>
        <line num="24" count="1" type="stmt"/>
        <line num="25" count="12" type="stmt"/>
        <line num="33" count="12" type="stmt"/>
        <line num="35" count="12" type="stmt"/>
        <line num="37" count="12" type="stmt"/>
        <line num="38" count="1" type="stmt"/>
        <line num="39" count="1" type="stmt"/>
        <line num="40" count="1" type="stmt"/>
        <line num="42" count="0" type="stmt"/>
        <line num="49" count="1" type="stmt"/>
        <line num="53" count="12" type="stmt"/>
        <line num="63" count="16" type="stmt"/>
        <line num="65" count="4" type="stmt"/>
        <line num="91" count="16" type="stmt"/>
        <line num="93" count="4" type="stmt"/>
      </file>
      <file name="MainLogo.tsx" path="C:\Users\migue\Downloads\Projects\hlingo-frontend\src\components\MainLogo.tsx">
        <metrics statements="3" coveredstatements="3" conditionals="1" coveredconditionals="1" methods="1" coveredmethods="1"/>
        <line num="3" count="1" type="stmt"/>
        <line num="22" count="1" type="cond" truecount="1" falsecount="0"/>
        <line num="23" count="2" type="stmt"/>
      </file>
      <file name="RegisterForm.tsx" path="C:\Users\migue\Downloads\Projects\hlingo-frontend\src\components\RegisterForm.tsx">
        <metrics statements="17" coveredstatements="16" conditionals="6" coveredconditionals="6" methods="8" coveredmethods="8"/>
        <line num="25" count="1" type="stmt"/>
        <line num="26" count="14" type="stmt"/>
        <line num="36" count="14" type="stmt"/>
        <line num="37" count="14" type="stmt"/>
        <line num="39" count="14" type="stmt"/>
        <line num="40" count="1" type="stmt"/>
        <line num="41" count="1" type="stmt"/>
        <line num="42" count="1" type="stmt"/>
        <line num="44" count="0" type="stmt"/>
        <line num="51" count="1" type="stmt"/>
        <line num="55" count="14" type="stmt"/>
        <line num="64" count="19" type="stmt"/>
        <line num="66" count="5" type="stmt"/>
        <line num="92" count="19" type="stmt"/>
        <line num="94" count="5" type="stmt"/>
        <line num="120" count="19" type="stmt"/>
        <line num="122" count="5" type="stmt"/>
      </file>
    </package>
    <package name="src.config">
      <metrics statements="5" coveredstatements="5" conditionals="0" coveredconditionals="0" methods="2" coveredmethods="2"/>
      <file name="test-utils.tsx" path="C:\Users\migue\Downloads\Projects\hlingo-frontend\src\config\test-utils.tsx">
        <metrics statements="5" coveredstatements="5" conditionals="0" coveredconditionals="0" methods="2" coveredmethods="2"/>
        <line num="9" count="3" type="stmt"/>
        <line num="14" count="3" type="stmt"/>
        <line num="15" count="13" type="stmt"/>
        <line num="24" count="3" type="stmt"/>
        <line num="27" count="13" type="stmt"/>
      </file>
    </package>
    <package name="src.context.auth">
      <metrics statements="37" coveredstatements="13" conditionals="5" coveredconditionals="0" methods="9" coveredmethods="3"/>
      <file name="AuthContext.tsx" path="C:\Users\migue\Downloads\Projects\hlingo-frontend\src\context\auth\AuthContext.tsx">
        <metrics statements="1" coveredstatements="1" conditionals="0" coveredconditionals="0" methods="0" coveredmethods="0"/>
        <line num="17" count="3" type="stmt"/>
      </file>
      <file name="AuthProvider.tsx" path="C:\Users\migue\Downloads\Projects\hlingo-frontend\src\context\auth\AuthProvider.tsx">
        <metrics statements="31" coveredstatements="11" conditionals="2" coveredconditionals="0" methods="8" coveredmethods="3"/>
        <line num="9" count="3" type="stmt"/>
        <line num="14" count="3" type="stmt"/>
        <line num="15" count="13" type="stmt"/>
        <line num="17" count="13" type="stmt"/>
        <line num="18" count="13" type="stmt"/>
        <line num="19" count="13" type="stmt"/>
        <line num="20" count="0" type="cond" truecount="0" falsecount="2"/>
        <line num="21" count="0" type="stmt"/>
        <line num="22" count="0" type="stmt"/>
        <line num="25" count="0" type="stmt"/>
        <line num="28" count="13" type="stmt"/>
        <line num="31" count="13" type="stmt"/>
        <line num="32" count="0" type="stmt"/>
        <line num="33" count="0" type="stmt"/>
        <line num="34" count="0" type="stmt"/>
        <line num="38" count="0" type="stmt"/>
        <line num="40" count="0" type="stmt"/>
        <line num="42" count="0" type="stmt"/>
        <line num="44" count="0" type="stmt"/>
        <line num="49" count="13" type="stmt"/>
        <line num="54" count="0" type="stmt"/>
        <line num="55" count="0" type="stmt"/>
        <line num="56" count="0" type="stmt"/>
        <line num="60" count="0" type="stmt"/>
        <line num="62" count="0" type="stmt"/>
        <line num="64" count="0" type="stmt"/>
        <line num="66" count="0" type="stmt"/>
        <line num="71" count="13" type="stmt"/>
        <line num="72" count="0" type="stmt"/>
        <line num="73" count="0" type="stmt"/>
        <line num="76" count="13" type="stmt"/>
      </file>
      <file name="authReducer.ts" path="C:\Users\migue\Downloads\Projects\hlingo-frontend\src\context\auth\authReducer.ts">
        <metrics statements="5" coveredstatements="1" conditionals="3" coveredconditionals="0" methods="1" coveredmethods="0"/>
        <line num="12" count="3" type="stmt"/>
        <line num="13" count="0" type="cond" truecount="0" falsecount="3"/>
        <line num="15" count="0" type="stmt"/>
        <line num="21" count="0" type="stmt"/>
        <line num="28" count="0" type="stmt"/>
      </file>
      <file name="index.ts" path="C:\Users\migue\Downloads\Projects\hlingo-frontend\src\context\auth\index.ts">
        <metrics statements="0" coveredstatements="0" conditionals="0" coveredconditionals="0" methods="0" coveredmethods="0"/>
      </file>
    </package>
    <package name="src.theme">
      <metrics statements="2" coveredstatements="2" conditionals="0" coveredconditionals="0" methods="0" coveredmethods="0"/>
      <file name="index.ts" path="C:\Users\migue\Downloads\Projects\hlingo-frontend\src\theme\index.ts">
        <metrics statements="2" coveredstatements="2" conditionals="0" coveredconditionals="0" methods="0" coveredmethods="0"/>
        <line num="4" count="3" type="stmt"/>
        <line num="10" count="3" type="stmt"/>
      </file>
    </package>
    <package name="src.utils">
      <metrics statements="4" coveredstatements="4" conditionals="0" coveredconditionals="0" methods="0" coveredmethods="0"/>
      <file name="api.ts" path="C:\Users\migue\Downloads\Projects\hlingo-frontend\src\utils\api.ts">
        <metrics statements="1" coveredstatements="1" conditionals="0" coveredconditionals="0" methods="0" coveredmethods="0"/>
        <line num="3" count="3" type="stmt"/>
      </file>
      <file name="index.ts" path="C:\Users\migue\Downloads\Projects\hlingo-frontend\src\utils\index.ts">
        <metrics statements="0" coveredstatements="0" conditionals="0" coveredconditionals="0" methods="0" coveredmethods="0"/>
      </file>
      <file name="resolvers.ts" path="C:\Users\migue\Downloads\Projects\hlingo-frontend\src\utils\resolvers.ts">
        <metrics statements="3" coveredstatements="3" conditionals="0" coveredconditionals="0" methods="0" coveredmethods="0"/>
        <line num="4" count="3" type="stmt"/>
        <line num="22" count="3" type="stmt"/>
        <line num="29" count="3" type="stmt"/>
      </file>
    </package>
  </project>
</coverage>
