{"C:\\Users\\migue\\Downloads\\Projects\\hlingo-frontend\\assets\\icon.png": {"path":"C:\\Users\\migue\\Downloads\\Projects\\hlingo-frontend\\assets\\icon.png","statementMap":{"0":{"start":{"line":1,"column":0},"end":{"line":1,"column":19}}},"fnMap":{},"branchMap":{},"s":{"0":1},"f":{},"b":{},"_coverageSchema":"1a1c01bbd47fc00a2c39e90264f33305004495a9","hash":"ad84415aa7d2586586d42e1e3cfff679142cc78b"}
,"C:\\Users\\migue\\Downloads\\Projects\\hlingo-frontend\\src\\components\\LoginForm.tsx": {"path":"C:\\Users\\migue\\Downloads\\Projects\\hlingo-frontend\\src\\components\\LoginForm.tsx","statementMap":{"0":{"start":{"line":24,"column":18},"end":{"line":122,"column":1}},"1":{"start":{"line":25,"column":58},"end":{"line":32,"column":4}},"2":{"start":{"line":33,"column":36},"end":{"line":33,"column":51}},"3":{"start":{"line":35,"column":16},"end":{"line":35,"column":26}},"4":{"start":{"line":37,"column":19},"end":{"line":51,"column":3}},"5":{"start":{"line":38,"column":4},"end":{"line":38,"column":23}},"6":{"start":{"line":39,"column":4},"end":{"line":50,"column":5}},"7":{"start":{"line":40,"column":6},"end":{"line":40,"column":24}},"8":{"start":{"line":42,"column":6},"end":{"line":47,"column":9}},"9":{"start":{"line":49,"column":6},"end":{"line":49,"column":26}},"10":{"start":{"line":53,"column":2},"end":{"line":121,"column":4}},"11":{"start":{"line":63,"column":14},"end":{"line":71,"column":16}},"12":{"start":{"line":65,"column":39},"end":{"line":65,"column":54}},"13":{"start":{"line":91,"column":14},"end":{"line":98,"column":16}},"14":{"start":{"line":93,"column":39},"end":{"line":93,"column":54}}},"fnMap":{"0":{"name":"(anonymous_0)","decl":{"start":{"line":24,"column":18},"end":{"line":24,"column":19}},"loc":{"start":{"line":24,"column":40},"end":{"line":122,"column":1}},"line":24},"1":{"name":"(anonymous_1)","decl":{"start":{"line":37,"column":19},"end":{"line":37,"column":20}},"loc":{"start":{"line":37,"column":45},"end":{"line":51,"column":3}},"line":37},"2":{"name":"(anonymous_2)","decl":{"start":{"line":62,"column":20},"end":{"line":62,"column":21}},"loc":{"start":{"line":63,"column":14},"end":{"line":71,"column":16}},"line":63},"3":{"name":"(anonymous_3)","decl":{"start":{"line":65,"column":30},"end":{"line":65,"column":31}},"loc":{"start":{"line":65,"column":39},"end":{"line":65,"column":54}},"line":65},"4":{"name":"(anonymous_4)","decl":{"start":{"line":90,"column":20},"end":{"line":90,"column":21}},"loc":{"start":{"line":91,"column":14},"end":{"line":98,"column":16}},"line":91},"5":{"name":"(anonymous_5)","decl":{"start":{"line":93,"column":30},"end":{"line":93,"column":31}},"loc":{"start":{"line":93,"column":39},"end":{"line":93,"column":54}},"line":93}},"branchMap":{"0":{"loc":{"start":{"line":74,"column":11},"end":{"line":81,"column":11}},"type":"binary-expr","locations":[{"start":{"line":74,"column":11},"end":{"line":74,"column":23}},{"start":{"line":75,"column":12},"end":{"line":80,"column":39}}],"line":74},"1":{"loc":{"start":{"line":101,"column":11},"end":{"line":108,"column":11}},"type":"binary-expr","locations":[{"start":{"line":101,"column":11},"end":{"line":101,"column":26}},{"start":{"line":102,"column":12},"end":{"line":107,"column":39}}],"line":101}},"s":{"0":1,"1":12,"2":12,"3":12,"4":12,"5":1,"6":1,"7":1,"8":0,"9":1,"10":12,"11":16,"12":4,"13":16,"14":4},"f":{"0":12,"1":1,"2":16,"3":4,"4":16,"5":4},"b":{"0":[12,2],"1":[12,2]},"_coverageSchema":"1a1c01bbd47fc00a2c39e90264f33305004495a9","hash":"285b16ac3bced775dd1ea30c3091ff2a6a84733b"}
,"C:\\Users\\migue\\Downloads\\Projects\\hlingo-frontend\\src\\components\\MainLogo.tsx": {"path":"C:\\Users\\migue\\Downloads\\Projects\\hlingo-frontend\\src\\components\\MainLogo.tsx","statementMap":{"0":{"start":{"line":3,"column":14},"end":{"line":16,"column":1}},"1":{"start":{"line":22,"column":17},"end":{"line":37,"column":1}},"2":{"start":{"line":23,"column":2},"end":{"line":36,"column":4}}},"fnMap":{"0":{"name":"(anonymous_0)","decl":{"start":{"line":22,"column":17},"end":{"line":22,"column":18}},"loc":{"start":{"line":22,"column":45},"end":{"line":37,"column":1}},"line":22}},"branchMap":{"0":{"loc":{"start":{"line":22,"column":20},"end":{"line":22,"column":31}},"type":"default-arg","locations":[{"start":{"line":22,"column":27},"end":{"line":22,"column":31}}],"line":22}},"s":{"0":1,"1":1,"2":2},"f":{"0":2},"b":{"0":[1]},"_coverageSchema":"1a1c01bbd47fc00a2c39e90264f33305004495a9","hash":"6fd712d0c870d98dae949967329784e3c04803ab"}
,"C:\\Users\\migue\\Downloads\\Projects\\hlingo-frontend\\src\\components\\RegisterForm.tsx": {"path":"C:\\Users\\migue\\Downloads\\Projects\\hlingo-frontend\\src\\components\\RegisterForm.tsx","statementMap":{"0":{"start":{"line":25,"column":21},"end":{"line":151,"column":1}},"1":{"start":{"line":26,"column":59},"end":{"line":34,"column":4}},"2":{"start":{"line":36,"column":36},"end":{"line":36,"column":51}},"3":{"start":{"line":37,"column":16},"end":{"line":37,"column":26}},"4":{"start":{"line":39,"column":19},"end":{"line":53,"column":3}},"5":{"start":{"line":40,"column":4},"end":{"line":40,"column":23}},"6":{"start":{"line":41,"column":4},"end":{"line":52,"column":5}},"7":{"start":{"line":42,"column":6},"end":{"line":42,"column":27}},"8":{"start":{"line":44,"column":6},"end":{"line":49,"column":9}},"9":{"start":{"line":51,"column":6},"end":{"line":51,"column":26}},"10":{"start":{"line":55,"column":2},"end":{"line":150,"column":4}},"11":{"start":{"line":64,"column":14},"end":{"line":71,"column":16}},"12":{"start":{"line":66,"column":39},"end":{"line":66,"column":54}},"13":{"start":{"line":92,"column":14},"end":{"line":100,"column":16}},"14":{"start":{"line":94,"column":39},"end":{"line":94,"column":54}},"15":{"start":{"line":120,"column":14},"end":{"line":127,"column":16}},"16":{"start":{"line":122,"column":39},"end":{"line":122,"column":54}}},"fnMap":{"0":{"name":"(anonymous_0)","decl":{"start":{"line":25,"column":21},"end":{"line":25,"column":22}},"loc":{"start":{"line":25,"column":46},"end":{"line":151,"column":1}},"line":25},"1":{"name":"(anonymous_1)","decl":{"start":{"line":39,"column":19},"end":{"line":39,"column":20}},"loc":{"start":{"line":39,"column":45},"end":{"line":53,"column":3}},"line":39},"2":{"name":"(anonymous_2)","decl":{"start":{"line":63,"column":20},"end":{"line":63,"column":21}},"loc":{"start":{"line":64,"column":14},"end":{"line":71,"column":16}},"line":64},"3":{"name":"(anonymous_3)","decl":{"start":{"line":66,"column":30},"end":{"line":66,"column":31}},"loc":{"start":{"line":66,"column":39},"end":{"line":66,"column":54}},"line":66},"4":{"name":"(anonymous_4)","decl":{"start":{"line":91,"column":20},"end":{"line":91,"column":21}},"loc":{"start":{"line":92,"column":14},"end":{"line":100,"column":16}},"line":92},"5":{"name":"(anonymous_5)","decl":{"start":{"line":94,"column":30},"end":{"line":94,"column":31}},"loc":{"start":{"line":94,"column":39},"end":{"line":94,"column":54}},"line":94},"6":{"name":"(anonymous_6)","decl":{"start":{"line":119,"column":20},"end":{"line":119,"column":21}},"loc":{"start":{"line":120,"column":14},"end":{"line":127,"column":16}},"line":120},"7":{"name":"(anonymous_7)","decl":{"start":{"line":122,"column":30},"end":{"line":122,"column":31}},"loc":{"start":{"line":122,"column":39},"end":{"line":122,"column":54}},"line":122}},"branchMap":{"0":{"loc":{"start":{"line":75,"column":11},"end":{"line":82,"column":11}},"type":"binary-expr","locations":[{"start":{"line":75,"column":11},"end":{"line":75,"column":22}},{"start":{"line":76,"column":12},"end":{"line":81,"column":39}}],"line":75},"1":{"loc":{"start":{"line":103,"column":11},"end":{"line":110,"column":11}},"type":"binary-expr","locations":[{"start":{"line":103,"column":11},"end":{"line":103,"column":23}},{"start":{"line":104,"column":12},"end":{"line":109,"column":39}}],"line":103},"2":{"loc":{"start":{"line":130,"column":11},"end":{"line":137,"column":11}},"type":"binary-expr","locations":[{"start":{"line":130,"column":11},"end":{"line":130,"column":26}},{"start":{"line":131,"column":12},"end":{"line":136,"column":39}}],"line":130}},"s":{"0":1,"1":14,"2":14,"3":14,"4":14,"5":1,"6":1,"7":1,"8":0,"9":1,"10":14,"11":19,"12":5,"13":19,"14":5,"15":19,"16":5},"f":{"0":14,"1":1,"2":19,"3":5,"4":19,"5":5,"6":19,"7":5},"b":{"0":[14,2],"1":[14,2],"2":[14,2]},"_coverageSchema":"1a1c01bbd47fc00a2c39e90264f33305004495a9","hash":"0ccc1256ef73ab56cda2980e8b12cf2912d8b56c"}
,"C:\\Users\\migue\\Downloads\\Projects\\hlingo-frontend\\src\\config\\test-utils.tsx": {"path":"C:\\Users\\migue\\Downloads\\Projects\\hlingo-frontend\\src\\config\\test-utils.tsx","statementMap":{"0":{"start":{"line":9,"column":14},"end":{"line":12,"column":1}},"1":{"start":{"line":14,"column":53},"end":{"line":22,"column":1}},"2":{"start":{"line":15,"column":2},"end":{"line":21,"column":4}},"3":{"start":{"line":24,"column":21},"end":{"line":27,"column":51}},"4":{"start":{"line":27,"column":5},"end":{"line":27,"column":51}}},"fnMap":{"0":{"name":"(anonymous_0)","decl":{"start":{"line":14,"column":53},"end":{"line":14,"column":54}},"loc":{"start":{"line":14,"column":71},"end":{"line":22,"column":1}},"line":14},"1":{"name":"(anonymous_1)","decl":{"start":{"line":24,"column":21},"end":{"line":24,"column":22}},"loc":{"start":{"line":27,"column":5},"end":{"line":27,"column":51}},"line":27}},"branchMap":{},"s":{"0":3,"1":3,"2":13,"3":3,"4":13},"f":{"0":13,"1":13},"b":{},"_coverageSchema":"1a1c01bbd47fc00a2c39e90264f33305004495a9","hash":"583f88c17e8c1a3126c4572e4de910d19e1cfe2b"}
,"C:\\Users\\migue\\Downloads\\Projects\\hlingo-frontend\\src\\context\\auth\\AuthContext.tsx": {"path":"C:\\Users\\migue\\Downloads\\Projects\\hlingo-frontend\\src\\context\\auth\\AuthContext.tsx","statementMap":{"0":{"start":{"line":17,"column":20},"end":{"line":17,"column":53}}},"fnMap":{},"branchMap":{},"s":{"0":3},"f":{},"b":{},"_coverageSchema":"1a1c01bbd47fc00a2c39e90264f33305004495a9","hash":"f96889885be2d2e37e6c133298fb4831a27c1ff3"}
,"C:\\Users\\migue\\Downloads\\Projects\\hlingo-frontend\\src\\context\\auth\\AuthProvider.tsx": {"path":"C:\\Users\\migue\\Downloads\\Projects\\hlingo-frontend\\src\\context\\auth\\AuthProvider.tsx","statementMap":{"0":{"start":{"line":9,"column":36},"end":{"line":12,"column":1}},"1":{"start":{"line":14,"column":21},"end":{"line":88,"column":1}},"2":{"start":{"line":15,"column":28},"end":{"line":15,"column":69}},"3":{"start":{"line":17,"column":2},"end":{"line":29,"column":9}},"4":{"start":{"line":18,"column":24},"end":{"line":26,"column":5}},"5":{"start":{"line":19,"column":19},"end":{"line":19,"column":59}},"6":{"start":{"line":20,"column":6},"end":{"line":23,"column":7}},"7":{"start":{"line":21,"column":8},"end":{"line":21,"column":37}},"8":{"start":{"line":22,"column":8},"end":{"line":22,"column":15}},"9":{"start":{"line":25,"column":6},"end":{"line":25,"column":71}},"10":{"start":{"line":28,"column":4},"end":{"line":28,"column":18}},"11":{"start":{"line":31,"column":16},"end":{"line":47,"column":3}},"12":{"start":{"line":32,"column":4},"end":{"line":46,"column":7}},"13":{"start":{"line":33,"column":6},"end":{"line":45,"column":7}},"14":{"start":{"line":34,"column":20},"end":{"line":36,"column":10}},"15":{"start":{"line":38,"column":8},"end":{"line":38,"column":75}},"16":{"start":{"line":40,"column":8},"end":{"line":40,"column":65}},"17":{"start":{"line":42,"column":8},"end":{"line":42,"column":35}},"18":{"start":{"line":44,"column":8},"end":{"line":44,"column":44}},"19":{"start":{"line":49,"column":19},"end":{"line":69,"column":3}},"20":{"start":{"line":54,"column":4},"end":{"line":68,"column":7}},"21":{"start":{"line":55,"column":6},"end":{"line":67,"column":7}},"22":{"start":{"line":56,"column":20},"end":{"line":58,"column":10}},"23":{"start":{"line":60,"column":8},"end":{"line":60,"column":75}},"24":{"start":{"line":62,"column":8},"end":{"line":62,"column":65}},"25":{"start":{"line":64,"column":8},"end":{"line":64,"column":36}},"26":{"start":{"line":66,"column":8},"end":{"line":66,"column":44}},"27":{"start":{"line":71,"column":17},"end":{"line":74,"column":3}},"28":{"start":{"line":72,"column":4},"end":{"line":72,"column":48}},"29":{"start":{"line":73,"column":4},"end":{"line":73,"column":33}},"30":{"start":{"line":76,"column":2},"end":{"line":87,"column":4}}},"fnMap":{"0":{"name":"(anonymous_0)","decl":{"start":{"line":14,"column":21},"end":{"line":14,"column":22}},"loc":{"start":{"line":14,"column":70},"end":{"line":88,"column":1}},"line":14},"1":{"name":"(anonymous_1)","decl":{"start":{"line":17,"column":12},"end":{"line":17,"column":13}},"loc":{"start":{"line":17,"column":18},"end":{"line":29,"column":3}},"line":17},"2":{"name":"(anonymous_2)","decl":{"start":{"line":18,"column":24},"end":{"line":18,"column":25}},"loc":{"start":{"line":18,"column":36},"end":{"line":26,"column":5}},"line":18},"3":{"name":"(anonymous_3)","decl":{"start":{"line":31,"column":16},"end":{"line":31,"column":17}},"loc":{"start":{"line":31,"column":63},"end":{"line":47,"column":3}},"line":31},"4":{"name":"(anonymous_4)","decl":{"start":{"line":32,"column":31},"end":{"line":32,"column":32}},"loc":{"start":{"line":32,"column":58},"end":{"line":46,"column":5}},"line":32},"5":{"name":"(anonymous_5)","decl":{"start":{"line":49,"column":19},"end":{"line":49,"column":20}},"loc":{"start":{"line":53,"column":8},"end":{"line":69,"column":3}},"line":53},"6":{"name":"(anonymous_6)","decl":{"start":{"line":54,"column":31},"end":{"line":54,"column":32}},"loc":{"start":{"line":54,"column":58},"end":{"line":68,"column":5}},"line":54},"7":{"name":"(anonymous_7)","decl":{"start":{"line":71,"column":17},"end":{"line":71,"column":18}},"loc":{"start":{"line":71,"column":29},"end":{"line":74,"column":3}},"line":71}},"branchMap":{"0":{"loc":{"start":{"line":20,"column":6},"end":{"line":23,"column":7}},"type":"if","locations":[{"start":{"line":20,"column":6},"end":{"line":23,"column":7}},{"start":{},"end":{}}],"line":20}},"s":{"0":3,"1":3,"2":13,"3":13,"4":13,"5":13,"6":0,"7":0,"8":0,"9":0,"10":13,"11":13,"12":0,"13":0,"14":0,"15":0,"16":0,"17":0,"18":0,"19":13,"20":0,"21":0,"22":0,"23":0,"24":0,"25":0,"26":0,"27":13,"28":0,"29":0,"30":13},"f":{"0":13,"1":13,"2":13,"3":0,"4":0,"5":0,"6":0,"7":0},"b":{"0":[0,0]},"_coverageSchema":"1a1c01bbd47fc00a2c39e90264f33305004495a9","hash":"2f70eda1416046c6c8e2d75bacb0484d9c159ed4"}
,"C:\\Users\\migue\\Downloads\\Projects\\hlingo-frontend\\src\\context\\auth\\authReducer.ts": {"path":"C:\\Users\\migue\\Downloads\\Projects\\hlingo-frontend\\src\\context\\auth\\authReducer.ts","statementMap":{"0":{"start":{"line":12,"column":20},"end":{"line":30,"column":1}},"1":{"start":{"line":13,"column":2},"end":{"line":29,"column":3}},"2":{"start":{"line":15,"column":6},"end":{"line":19,"column":8}},"3":{"start":{"line":21,"column":6},"end":{"line":25,"column":8}},"4":{"start":{"line":28,"column":6},"end":{"line":28,"column":19}}},"fnMap":{"0":{"name":"(anonymous_0)","decl":{"start":{"line":12,"column":20},"end":{"line":12,"column":21}},"loc":{"start":{"line":12,"column":77},"end":{"line":30,"column":1}},"line":12}},"branchMap":{"0":{"loc":{"start":{"line":13,"column":2},"end":{"line":29,"column":3}},"type":"switch","locations":[{"start":{"line":14,"column":4},"end":{"line":19,"column":8}},{"start":{"line":20,"column":4},"end":{"line":25,"column":8}},{"start":{"line":27,"column":4},"end":{"line":28,"column":19}}],"line":13}},"s":{"0":3,"1":0,"2":0,"3":0,"4":0},"f":{"0":0},"b":{"0":[0,0,0]},"_coverageSchema":"1a1c01bbd47fc00a2c39e90264f33305004495a9","hash":"c1c5790cd8b2fdf30ffc89460739799c082c2051"}
,"C:\\Users\\migue\\Downloads\\Projects\\hlingo-frontend\\src\\context\\auth\\index.ts": {"path":"C:\\Users\\migue\\Downloads\\Projects\\hlingo-frontend\\src\\context\\auth\\index.ts","statementMap":{},"fnMap":{},"branchMap":{},"s":{},"f":{},"b":{},"_coverageSchema":"1a1c01bbd47fc00a2c39e90264f33305004495a9","hash":"eb8868be591ec1f960834811e94bda05147f0453"}
,"C:\\Users\\migue\\Downloads\\Projects\\hlingo-frontend\\src\\theme\\index.ts": {"path":"C:\\Users\\migue\\Downloads\\Projects\\hlingo-frontend\\src\\theme\\index.ts","statementMap":{"0":{"start":{"line":4,"column":15},"end":{"line":7,"column":1}},"1":{"start":{"line":10,"column":14},"end":{"line":21,"column":2}}},"fnMap":{},"branchMap":{},"s":{"0":3,"1":3},"f":{},"b":{},"_coverageSchema":"1a1c01bbd47fc00a2c39e90264f33305004495a9","hash":"f45d21485c3d52b4a6fbbe9e4a0af11a858759f2"}
,"C:\\Users\\migue\\Downloads\\Projects\\hlingo-frontend\\src\\utils\\api.ts": {"path":"C:\\Users\\migue\\Downloads\\Projects\\hlingo-frontend\\src\\utils\\api.ts","statementMap":{"0":{"start":{"line":3,"column":23},"end":{"line":5,"column":2}}},"fnMap":{},"branchMap":{},"s":{"0":3},"f":{},"b":{},"_coverageSchema":"1a1c01bbd47fc00a2c39e90264f33305004495a9","hash":"845fc679c8b6fe73029429503e7068b904658fcc"}
,"C:\\Users\\migue\\Downloads\\Projects\\hlingo-frontend\\src\\utils\\index.ts": {"path":"C:\\Users\\migue\\Downloads\\Projects\\hlingo-frontend\\src\\utils\\index.ts","statementMap":{},"fnMap":{},"branchMap":{},"s":{},"f":{},"b":{},"_coverageSchema":"1a1c01bbd47fc00a2c39e90264f33305004495a9","hash":"b9bec3514e197f45c158925162c62e4d5fbae86a"}
,"C:\\Users\\migue\\Downloads\\Projects\\hlingo-frontend\\src\\utils\\resolvers.ts": {"path":"C:\\Users\\migue\\Downloads\\Projects\\hlingo-frontend\\src\\utils\\resolvers.ts","statementMap":{"0":{"start":{"line":4,"column":0},"end":{"line":20,"column":3}},"1":{"start":{"line":22,"column":29},"end":{"line":27,"column":1}},"2":{"start":{"line":29,"column":32},"end":{"line":35,"column":1}}},"fnMap":{},"branchMap":{},"s":{"0":3,"1":3,"2":3},"f":{},"b":{},"_coverageSchema":"1a1c01bbd47fc00a2c39e90264f33305004495a9","hash":"a90b10e49e0edba19fddd2ae0eec186297acffca"}
}
