{"C:\\Users\\migue\\Downloads\\Projects\\hlingo-frontend\\assets\\icon.png": {"path":"C:\\Users\\migue\\Downloads\\Projects\\hlingo-frontend\\assets\\icon.png","statementMap":{"0":{"start":{"line":1,"column":0},"end":{"line":1,"column":19}}},"fnMap":{},"branchMap":{},"s":{"0":1},"f":{},"b":{},"_coverageSchema":"1a1c01bbd47fc00a2c39e90264f33305004495a9","hash":"ad84415aa7d2586586d42e1e3cfff679142cc78b"}
,"C:\\Users\\migue\\Downloads\\Projects\\hlingo-frontend\\src\\components\\LoginForm.tsx": {"path":"C:\\Users\\migue\\Downloads\\Projects\\hlingo-frontend\\src\\components\\LoginForm.tsx","statementMap":{"0":{"start":{"line":20,"column":18},"end":{"line":86,"column":1}},"1":{"start":{"line":21,"column":58},"end":{"line":28,"column":4}},"2":{"start":{"line":29,"column":20},"end":{"line":29,"column":43}},"3":{"start":{"line":31,"column":19},"end":{"line":33,"column":3}},"4":{"start":{"line":32,"column":4},"end":{"line":32,"column":16}},"5":{"start":{"line":35,"column":2},"end":{"line":85,"column":4}},"6":{"start":{"line":45,"column":14},"end":{"line":51,"column":16}},"7":{"start":{"line":47,"column":39},"end":{"line":47,"column":54}},"8":{"start":{"line":66,"column":14},"end":{"line":72,"column":16}},"9":{"start":{"line":68,"column":39},"end":{"line":68,"column":54}}},"fnMap":{"0":{"name":"(anonymous_0)","decl":{"start":{"line":20,"column":18},"end":{"line":20,"column":19}},"loc":{"start":{"line":20,"column":24},"end":{"line":86,"column":1}},"line":20},"1":{"name":"(anonymous_1)","decl":{"start":{"line":31,"column":19},"end":{"line":31,"column":20}},"loc":{"start":{"line":31,"column":39},"end":{"line":33,"column":3}},"line":31},"2":{"name":"(anonymous_2)","decl":{"start":{"line":44,"column":20},"end":{"line":44,"column":21}},"loc":{"start":{"line":45,"column":14},"end":{"line":51,"column":16}},"line":45},"3":{"name":"(anonymous_3)","decl":{"start":{"line":47,"column":30},"end":{"line":47,"column":31}},"loc":{"start":{"line":47,"column":39},"end":{"line":47,"column":54}},"line":47},"4":{"name":"(anonymous_4)","decl":{"start":{"line":65,"column":20},"end":{"line":65,"column":21}},"loc":{"start":{"line":66,"column":14},"end":{"line":72,"column":16}},"line":66},"5":{"name":"(anonymous_5)","decl":{"start":{"line":68,"column":30},"end":{"line":68,"column":31}},"loc":{"start":{"line":68,"column":39},"end":{"line":68,"column":54}},"line":68}},"branchMap":{},"s":{"0":1,"1":1,"2":1,"3":1,"4":0,"5":1,"6":1,"7":0,"8":1,"9":0},"f":{"0":1,"1":0,"2":1,"3":0,"4":1,"5":0},"b":{},"_coverageSchema":"1a1c01bbd47fc00a2c39e90264f33305004495a9","hash":"628be588cbfe876e34bdf0b9aede48ae54cc4df0"}
,"C:\\Users\\migue\\Downloads\\Projects\\hlingo-frontend\\src\\components\\MainLogo.tsx": {"path":"C:\\Users\\migue\\Downloads\\Projects\\hlingo-frontend\\src\\components\\MainLogo.tsx","statementMap":{"0":{"start":{"line":3,"column":14},"end":{"line":16,"column":1}},"1":{"start":{"line":22,"column":17},"end":{"line":36,"column":1}},"2":{"start":{"line":23,"column":2},"end":{"line":35,"column":4}}},"fnMap":{"0":{"name":"(anonymous_0)","decl":{"start":{"line":22,"column":17},"end":{"line":22,"column":18}},"loc":{"start":{"line":22,"column":45},"end":{"line":36,"column":1}},"line":22}},"branchMap":{"0":{"loc":{"start":{"line":22,"column":20},"end":{"line":22,"column":31}},"type":"default-arg","locations":[{"start":{"line":22,"column":27},"end":{"line":22,"column":31}}],"line":22}},"s":{"0":1,"1":1,"2":1},"f":{"0":1},"b":{"0":[1]},"_coverageSchema":"1a1c01bbd47fc00a2c39e90264f33305004495a9","hash":"36ce8a470c9aaa811e1271069c56c75784125c6a"}
,"C:\\Users\\migue\\Downloads\\Projects\\hlingo-frontend\\src\\components\\ProviderWrapper.tsx": {"path":"C:\\Users\\migue\\Downloads\\Projects\\hlingo-frontend\\src\\components\\ProviderWrapper.tsx","statementMap":{"0":{"start":{"line":3,"column":14},"end":{"line":6,"column":1}},"1":{"start":{"line":8,"column":16},"end":{"line":14,"column":1}},"2":{"start":{"line":9,"column":2},"end":{"line":13,"column":4}}},"fnMap":{"0":{"name":"(anonymous_0)","decl":{"start":{"line":8,"column":16},"end":{"line":8,"column":17}},"loc":{"start":{"line":8,"column":65},"end":{"line":14,"column":1}},"line":8}},"branchMap":{},"s":{"0":3,"1":3,"2":3},"f":{"0":3},"b":{},"_coverageSchema":"1a1c01bbd47fc00a2c39e90264f33305004495a9","hash":"d65cdf724a8c139ecf4d41ecc80874f286f28359"}
,"C:\\Users\\migue\\Downloads\\Projects\\hlingo-frontend\\src\\components\\RegisterForm.tsx": {"path":"C:\\Users\\migue\\Downloads\\Projects\\hlingo-frontend\\src\\components\\RegisterForm.tsx","statementMap":{"0":{"start":{"line":20,"column":21},"end":{"line":108,"column":1}},"1":{"start":{"line":21,"column":59},"end":{"line":29,"column":4}},"2":{"start":{"line":31,"column":23},"end":{"line":31,"column":46}},"3":{"start":{"line":33,"column":19},"end":{"line":35,"column":3}},"4":{"start":{"line":34,"column":4},"end":{"line":34,"column":19}},"5":{"start":{"line":37,"column":2},"end":{"line":107,"column":4}},"6":{"start":{"line":46,"column":14},"end":{"line":52,"column":16}},"7":{"start":{"line":48,"column":39},"end":{"line":48,"column":54}},"8":{"start":{"line":67,"column":14},"end":{"line":73,"column":16}},"9":{"start":{"line":69,"column":39},"end":{"line":69,"column":54}},"10":{"start":{"line":88,"column":14},"end":{"line":94,"column":16}},"11":{"start":{"line":90,"column":39},"end":{"line":90,"column":54}}},"fnMap":{"0":{"name":"(anonymous_0)","decl":{"start":{"line":20,"column":21},"end":{"line":20,"column":22}},"loc":{"start":{"line":20,"column":27},"end":{"line":108,"column":1}},"line":20},"1":{"name":"(anonymous_1)","decl":{"start":{"line":33,"column":19},"end":{"line":33,"column":20}},"loc":{"start":{"line":33,"column":39},"end":{"line":35,"column":3}},"line":33},"2":{"name":"(anonymous_2)","decl":{"start":{"line":45,"column":20},"end":{"line":45,"column":21}},"loc":{"start":{"line":46,"column":14},"end":{"line":52,"column":16}},"line":46},"3":{"name":"(anonymous_3)","decl":{"start":{"line":48,"column":30},"end":{"line":48,"column":31}},"loc":{"start":{"line":48,"column":39},"end":{"line":48,"column":54}},"line":48},"4":{"name":"(anonymous_4)","decl":{"start":{"line":66,"column":20},"end":{"line":66,"column":21}},"loc":{"start":{"line":67,"column":14},"end":{"line":73,"column":16}},"line":67},"5":{"name":"(anonymous_5)","decl":{"start":{"line":69,"column":30},"end":{"line":69,"column":31}},"loc":{"start":{"line":69,"column":39},"end":{"line":69,"column":54}},"line":69},"6":{"name":"(anonymous_6)","decl":{"start":{"line":87,"column":20},"end":{"line":87,"column":21}},"loc":{"start":{"line":88,"column":14},"end":{"line":94,"column":16}},"line":88},"7":{"name":"(anonymous_7)","decl":{"start":{"line":90,"column":30},"end":{"line":90,"column":31}},"loc":{"start":{"line":90,"column":39},"end":{"line":90,"column":54}},"line":90}},"branchMap":{},"s":{"0":1,"1":1,"2":1,"3":1,"4":0,"5":1,"6":1,"7":0,"8":1,"9":0,"10":1,"11":0},"f":{"0":1,"1":0,"2":1,"3":0,"4":1,"5":0,"6":1,"7":0},"b":{},"_coverageSchema":"1a1c01bbd47fc00a2c39e90264f33305004495a9","hash":"210db0b4b18187a14d8c00dfee0d738643773e27"}
,"C:\\Users\\migue\\Downloads\\Projects\\hlingo-frontend\\src\\context\\auth\\AuthContext.tsx": {"path":"C:\\Users\\migue\\Downloads\\Projects\\hlingo-frontend\\src\\context\\auth\\AuthContext.tsx","statementMap":{"0":{"start":{"line":13,"column":20},"end":{"line":13,"column":53}}},"fnMap":{},"branchMap":{},"s":{"0":2},"f":{},"b":{},"_coverageSchema":"1a1c01bbd47fc00a2c39e90264f33305004495a9","hash":"bda6ed5d1437a42e6c6417b93f792dfc6ce0d8e7"}
,"C:\\Users\\migue\\Downloads\\Projects\\hlingo-frontend\\src\\context\\auth\\AuthProvider.tsx": {"path":"C:\\Users\\migue\\Downloads\\Projects\\hlingo-frontend\\src\\context\\auth\\AuthProvider.tsx","statementMap":{"0":{"start":{"line":11,"column":36},"end":{"line":14,"column":1}},"1":{"start":{"line":16,"column":21},"end":{"line":89,"column":1}},"2":{"start":{"line":17,"column":28},"end":{"line":17,"column":69}},"3":{"start":{"line":18,"column":16},"end":{"line":18,"column":26}},"4":{"start":{"line":20,"column":2},"end":{"line":32,"column":9}},"5":{"start":{"line":21,"column":24},"end":{"line":29,"column":5}},"6":{"start":{"line":22,"column":19},"end":{"line":22,"column":59}},"7":{"start":{"line":23,"column":6},"end":{"line":26,"column":7}},"8":{"start":{"line":24,"column":8},"end":{"line":24,"column":37}},"9":{"start":{"line":25,"column":8},"end":{"line":25,"column":15}},"10":{"start":{"line":28,"column":6},"end":{"line":28,"column":71}},"11":{"start":{"line":31,"column":4},"end":{"line":31,"column":18}},"12":{"start":{"line":34,"column":16},"end":{"line":49,"column":3}},"13":{"start":{"line":35,"column":4},"end":{"line":48,"column":5}},"14":{"start":{"line":36,"column":18},"end":{"line":36,"column":65}},"15":{"start":{"line":38,"column":6},"end":{"line":38,"column":73}},"16":{"start":{"line":40,"column":6},"end":{"line":40,"column":63}},"17":{"start":{"line":42,"column":6},"end":{"line":47,"column":9}},"18":{"start":{"line":51,"column":19},"end":{"line":70,"column":3}},"19":{"start":{"line":56,"column":4},"end":{"line":69,"column":5}},"20":{"start":{"line":57,"column":18},"end":{"line":57,"column":68}},"21":{"start":{"line":59,"column":6},"end":{"line":59,"column":73}},"22":{"start":{"line":61,"column":6},"end":{"line":61,"column":63}},"23":{"start":{"line":63,"column":6},"end":{"line":68,"column":9}},"24":{"start":{"line":72,"column":17},"end":{"line":75,"column":3}},"25":{"start":{"line":73,"column":4},"end":{"line":73,"column":48}},"26":{"start":{"line":74,"column":4},"end":{"line":74,"column":33}},"27":{"start":{"line":77,"column":2},"end":{"line":88,"column":4}}},"fnMap":{"0":{"name":"(anonymous_0)","decl":{"start":{"line":16,"column":21},"end":{"line":16,"column":22}},"loc":{"start":{"line":16,"column":70},"end":{"line":89,"column":1}},"line":16},"1":{"name":"(anonymous_1)","decl":{"start":{"line":20,"column":12},"end":{"line":20,"column":13}},"loc":{"start":{"line":20,"column":18},"end":{"line":32,"column":3}},"line":20},"2":{"name":"(anonymous_2)","decl":{"start":{"line":21,"column":24},"end":{"line":21,"column":25}},"loc":{"start":{"line":21,"column":36},"end":{"line":29,"column":5}},"line":21},"3":{"name":"(anonymous_3)","decl":{"start":{"line":34,"column":16},"end":{"line":34,"column":17}},"loc":{"start":{"line":34,"column":69},"end":{"line":49,"column":3}},"line":34},"4":{"name":"(anonymous_4)","decl":{"start":{"line":51,"column":19},"end":{"line":51,"column":20}},"loc":{"start":{"line":55,"column":8},"end":{"line":70,"column":3}},"line":55},"5":{"name":"(anonymous_5)","decl":{"start":{"line":72,"column":17},"end":{"line":72,"column":18}},"loc":{"start":{"line":72,"column":29},"end":{"line":75,"column":3}},"line":72}},"branchMap":{"0":{"loc":{"start":{"line":23,"column":6},"end":{"line":26,"column":7}},"type":"if","locations":[{"start":{"line":23,"column":6},"end":{"line":26,"column":7}},{"start":{},"end":{}}],"line":23}},"s":{"0":2,"1":2,"2":0,"3":0,"4":0,"5":0,"6":0,"7":0,"8":0,"9":0,"10":0,"11":0,"12":0,"13":0,"14":0,"15":0,"16":0,"17":0,"18":0,"19":0,"20":0,"21":0,"22":0,"23":0,"24":0,"25":0,"26":0,"27":0},"f":{"0":0,"1":0,"2":0,"3":0,"4":0,"5":0},"b":{"0":[0,0]},"_coverageSchema":"1a1c01bbd47fc00a2c39e90264f33305004495a9","hash":"508bd75b6a5fa44bda20d489ddade7a43ba00849"}
,"C:\\Users\\migue\\Downloads\\Projects\\hlingo-frontend\\src\\context\\auth\\authReducer.ts": {"path":"C:\\Users\\migue\\Downloads\\Projects\\hlingo-frontend\\src\\context\\auth\\authReducer.ts","statementMap":{"0":{"start":{"line":12,"column":20},"end":{"line":30,"column":1}},"1":{"start":{"line":13,"column":2},"end":{"line":29,"column":3}},"2":{"start":{"line":15,"column":6},"end":{"line":19,"column":8}},"3":{"start":{"line":21,"column":6},"end":{"line":25,"column":8}},"4":{"start":{"line":28,"column":6},"end":{"line":28,"column":19}}},"fnMap":{"0":{"name":"(anonymous_0)","decl":{"start":{"line":12,"column":20},"end":{"line":12,"column":21}},"loc":{"start":{"line":12,"column":77},"end":{"line":30,"column":1}},"line":12}},"branchMap":{"0":{"loc":{"start":{"line":13,"column":2},"end":{"line":29,"column":3}},"type":"switch","locations":[{"start":{"line":14,"column":4},"end":{"line":19,"column":8}},{"start":{"line":20,"column":4},"end":{"line":25,"column":8}},{"start":{"line":27,"column":4},"end":{"line":28,"column":19}}],"line":13}},"s":{"0":2,"1":0,"2":0,"3":0,"4":0},"f":{"0":0},"b":{"0":[0,0,0]},"_coverageSchema":"1a1c01bbd47fc00a2c39e90264f33305004495a9","hash":"c1c5790cd8b2fdf30ffc89460739799c082c2051"}
,"C:\\Users\\migue\\Downloads\\Projects\\hlingo-frontend\\src\\context\\auth\\index.ts": {"path":"C:\\Users\\migue\\Downloads\\Projects\\hlingo-frontend\\src\\context\\auth\\index.ts","statementMap":{},"fnMap":{},"branchMap":{},"s":{},"f":{},"b":{},"_coverageSchema":"1a1c01bbd47fc00a2c39e90264f33305004495a9","hash":"eb8868be591ec1f960834811e94bda05147f0453"}
,"C:\\Users\\migue\\Downloads\\Projects\\hlingo-frontend\\src\\utils\\api.ts": {"path":"C:\\Users\\migue\\Downloads\\Projects\\hlingo-frontend\\src\\utils\\api.ts","statementMap":{"0":{"start":{"line":3,"column":23},"end":{"line":5,"column":2}}},"fnMap":{},"branchMap":{},"s":{"0":2},"f":{},"b":{},"_coverageSchema":"1a1c01bbd47fc00a2c39e90264f33305004495a9","hash":"845fc679c8b6fe73029429503e7068b904658fcc"}
,"C:\\Users\\migue\\Downloads\\Projects\\hlingo-frontend\\src\\utils\\index.ts": {"path":"C:\\Users\\migue\\Downloads\\Projects\\hlingo-frontend\\src\\utils\\index.ts","statementMap":{},"fnMap":{},"branchMap":{},"s":{},"f":{},"b":{},"_coverageSchema":"1a1c01bbd47fc00a2c39e90264f33305004495a9","hash":"b9bec3514e197f45c158925162c62e4d5fbae86a"}
,"C:\\Users\\migue\\Downloads\\Projects\\hlingo-frontend\\src\\utils\\resolvers.ts": {"path":"C:\\Users\\migue\\Downloads\\Projects\\hlingo-frontend\\src\\utils\\resolvers.ts","statementMap":{"0":{"start":{"line":4,"column":0},"end":{"line":20,"column":3}},"1":{"start":{"line":22,"column":29},"end":{"line":27,"column":1}},"2":{"start":{"line":29,"column":32},"end":{"line":35,"column":1}}},"fnMap":{},"branchMap":{},"s":{"0":2,"1":2,"2":2},"f":{},"b":{},"_coverageSchema":"1a1c01bbd47fc00a2c39e90264f33305004495a9","hash":"a90b10e49e0edba19fddd2ae0eec186297acffca"}
}
