TN:
SF:assets\icon.png
FNF:0
FNH:0
DA:1,1
LF:1
LH:1
BRF:0
BRH:0
end_of_record
TN:
SF:src\components\LoginForm.tsx
FN:20,(anonymous_0)
FN:31,(anonymous_1)
FN:44,(anonymous_2)
FN:47,(anonymous_3)
FN:65,(anonymous_4)
FN:68,(anonymous_5)
FNF:6
FNH:3
FNDA:1,(anonymous_0)
FNDA:0,(anonymous_1)
FNDA:1,(anonymous_2)
FNDA:0,(anonymous_3)
FNDA:1,(anonymous_4)
FNDA:0,(anonymous_5)
DA:20,1
DA:21,1
DA:29,1
DA:31,1
DA:32,0
DA:35,1
DA:45,1
DA:47,0
DA:66,1
DA:68,0
LF:10
LH:7
BRF:0
BRH:0
end_of_record
TN:
SF:src\components\MainLogo.tsx
FN:22,(anonymous_0)
FNF:1
FNH:1
FNDA:1,(anonymous_0)
DA:3,1
DA:22,1
DA:23,1
LF:3
LH:3
BRDA:22,0,0,1
BRF:1
BRH:1
end_of_record
TN:
SF:src\components\ProviderWrapper.tsx
FN:8,(anonymous_0)
FNF:1
FNH:1
FNDA:3,(anonymous_0)
DA:3,3
DA:8,3
DA:9,3
LF:3
LH:3
BRF:0
BRH:0
end_of_record
TN:
SF:src\components\RegisterForm.tsx
FN:20,(anonymous_0)
FN:33,(anonymous_1)
FN:45,(anonymous_2)
FN:48,(anonymous_3)
FN:66,(anonymous_4)
FN:69,(anonymous_5)
FN:87,(anonymous_6)
FN:90,(anonymous_7)
FNF:8
FNH:4
FNDA:1,(anonymous_0)
FNDA:0,(anonymous_1)
FNDA:1,(anonymous_2)
FNDA:0,(anonymous_3)
FNDA:1,(anonymous_4)
FNDA:0,(anonymous_5)
FNDA:1,(anonymous_6)
FNDA:0,(anonymous_7)
DA:20,1
DA:21,1
DA:31,1
DA:33,1
DA:34,0
DA:37,1
DA:46,1
DA:48,0
DA:67,1
DA:69,0
DA:88,1
DA:90,0
LF:12
LH:8
BRF:0
BRH:0
end_of_record
TN:
SF:src\context\auth\AuthContext.tsx
FNF:0
FNH:0
DA:13,2
LF:1
LH:1
BRF:0
BRH:0
end_of_record
TN:
SF:src\context\auth\AuthProvider.tsx
FN:16,(anonymous_0)
FN:20,(anonymous_1)
FN:21,(anonymous_2)
FN:34,(anonymous_3)
FN:51,(anonymous_4)
FN:72,(anonymous_5)
FNF:6
FNH:0
FNDA:0,(anonymous_0)
FNDA:0,(anonymous_1)
FNDA:0,(anonymous_2)
FNDA:0,(anonymous_3)
FNDA:0,(anonymous_4)
FNDA:0,(anonymous_5)
DA:11,2
DA:16,2
DA:17,0
DA:18,0
DA:20,0
DA:21,0
DA:22,0
DA:23,0
DA:24,0
DA:25,0
DA:28,0
DA:31,0
DA:34,0
DA:35,0
DA:36,0
DA:38,0
DA:40,0
DA:42,0
DA:51,0
DA:56,0
DA:57,0
DA:59,0
DA:61,0
DA:63,0
DA:72,0
DA:73,0
DA:74,0
DA:77,0
LF:28
LH:2
BRDA:23,0,0,0
BRDA:23,0,1,0
BRF:2
BRH:0
end_of_record
TN:
SF:src\context\auth\authReducer.ts
FN:12,(anonymous_0)
FNF:1
FNH:0
FNDA:0,(anonymous_0)
DA:12,2
DA:13,0
DA:15,0
DA:21,0
DA:28,0
LF:5
LH:1
BRDA:13,0,0,0
BRDA:13,0,1,0
BRDA:13,0,2,0
BRF:3
BRH:0
end_of_record
TN:
SF:src\context\auth\index.ts
FNF:0
FNH:0
LF:0
LH:0
BRF:0
BRH:0
end_of_record
TN:
SF:src\utils\api.ts
FNF:0
FNH:0
DA:3,2
LF:1
LH:1
BRF:0
BRH:0
end_of_record
TN:
SF:src\utils\index.ts
FNF:0
FNH:0
LF:0
LH:0
BRF:0
BRH:0
end_of_record
TN:
SF:src\utils\resolvers.ts
FNF:0
FNH:0
DA:4,2
DA:22,2
DA:29,2
LF:3
LH:3
BRF:0
BRH:0
end_of_record
