TN:
SF:assets\icon.png
FNF:0
FNH:0
DA:1,1
LF:1
LH:1
BRF:0
BRH:0
end_of_record
TN:
SF:assets\user.png
FNF:0
FNH:0
DA:1,1
LF:1
LH:1
BRF:0
BRH:0
end_of_record
TN:
SF:src\components\AvatarProfile.tsx
FN:3,(anonymous_0)
FNF:1
FNH:1
FNDA:1,(anonymous_0)
DA:3,1
DA:4,1
LF:2
LH:2
BRF:0
BRH:0
end_of_record
TN:
SF:src\components\LoginForm.tsx
FN:23,(anonymous_0)
FN:36,(anonymous_1)
FN:62,(anonymous_2)
FN:65,(anonymous_3)
FN:90,(anonymous_4)
FN:93,(anonymous_5)
FNF:6
FNH:6
FNDA:12,(anonymous_0)
FNDA:1,(anonymous_1)
FNDA:16,(anonymous_2)
FNDA:4,(anonymous_3)
FNDA:16,(anonymous_4)
FNDA:4,(anonymous_5)
DA:23,1
DA:24,12
DA:32,12
DA:34,12
DA:36,12
DA:37,1
DA:38,1
DA:39,1
DA:41,0
DA:42,0
DA:49,1
DA:53,12
DA:63,16
DA:65,4
DA:91,16
DA:93,4
LF:16
LH:14
BRDA:74,0,0,12
BRDA:74,0,1,2
BRDA:101,1,0,12
BRDA:101,1,1,2
BRF:4
BRH:4
end_of_record
TN:
SF:src\components\MainLogo.tsx
FN:22,(anonymous_0)
FNF:1
FNH:1
FNDA:2,(anonymous_0)
DA:3,1
DA:22,1
DA:23,2
LF:3
LH:3
BRDA:22,0,0,1
BRF:1
BRH:1
end_of_record
TN:
SF:src\components\ProfileForm.tsx
FN:21,(anonymous_0)
FN:36,(anonymous_1)
FN:76,(anonymous_2)
FN:86,(anonymous_3)
FN:89,(anonymous_4)
FN:114,(anonymous_5)
FN:117,(anonymous_6)
FNF:7
FNH:4
FNDA:2,(anonymous_0)
FNDA:0,(anonymous_1)
FNDA:0,(anonymous_2)
FNDA:4,(anonymous_3)
FNDA:2,(anonymous_4)
FNDA:2,(anonymous_5)
FNDA:0,(anonymous_6)
DA:21,1
DA:22,2
DA:23,2
DA:24,2
DA:25,2
DA:36,2
DA:37,0
DA:38,0
DA:39,0
DA:40,0
DA:47,0
DA:48,0
DA:55,0
DA:59,2
DA:76,0
DA:87,4
DA:89,2
DA:115,2
DA:117,0
LF:19
LH:10
BRDA:98,0,0,2
BRDA:98,0,1,0
BRDA:126,1,0,2
BRDA:126,1,1,0
BRF:4
BRH:2
end_of_record
TN:
SF:src\components\RegisterForm.tsx
FN:25,(anonymous_0)
FN:39,(anonymous_1)
FN:71,(anonymous_2)
FN:74,(anonymous_3)
FN:99,(anonymous_4)
FN:102,(anonymous_5)
FN:127,(anonymous_6)
FN:130,(anonymous_7)
FNF:8
FNH:8
FNDA:16,(anonymous_0)
FNDA:1,(anonymous_1)
FNDA:21,(anonymous_2)
FNDA:5,(anonymous_3)
FNDA:21,(anonymous_4)
FNDA:5,(anonymous_5)
FNDA:21,(anonymous_6)
FNDA:5,(anonymous_7)
DA:25,1
DA:26,16
DA:36,16
DA:37,16
DA:39,16
DA:40,1
DA:41,1
DA:42,1
DA:43,1
DA:49,1
DA:51,0
DA:52,0
DA:59,1
DA:63,16
DA:72,21
DA:74,5
DA:100,21
DA:102,5
DA:128,21
DA:130,5
LF:20
LH:18
BRDA:83,0,0,16
BRDA:83,0,1,2
BRDA:111,1,0,16
BRDA:111,1,1,2
BRDA:138,2,0,16
BRDA:138,2,1,2
BRF:6
BRH:6
end_of_record
TN:
SF:src\config\test-utils.tsx
FN:13,(anonymous_0)
FN:23,(anonymous_1)
FNF:2
FNH:2
FNDA:16,(anonymous_0)
FNDA:16,(anonymous_1)
DA:8,5
DA:13,5
DA:14,16
DA:23,5
DA:26,16
LF:5
LH:5
BRF:0
BRH:0
end_of_record
TN:
SF:src\context\auth\AuthContext.tsx
FNF:0
FNH:0
DA:18,5
LF:1
LH:1
BRF:0
BRH:0
end_of_record
TN:
SF:src\context\auth\AuthProvider.tsx
FN:16,(anonymous_0)
FN:19,(anonymous_1)
FN:20,(anonymous_2)
FN:41,(anonymous_3)
FN:42,(anonymous_4)
FN:47,(anonymous_5)
FN:52,(anonymous_6)
FN:58,(anonymous_7)
FN:63,(anonymous_8)
FN:68,(anonymous_9)
FN:71,(anonymous_10)
FN:77,(anonymous_11)
FN:82,(anonymous_12)
FN:83,(anonymous_13)
FN:86,(anonymous_14)
FN:90,(anonymous_15)
FNF:16
FNH:3
FNDA:16,(anonymous_0)
FNDA:16,(anonymous_1)
FNDA:16,(anonymous_2)
FNDA:0,(anonymous_3)
FNDA:0,(anonymous_4)
FNDA:0,(anonymous_5)
FNDA:0,(anonymous_6)
FNDA:0,(anonymous_7)
FNDA:0,(anonymous_8)
FNDA:0,(anonymous_9)
FNDA:0,(anonymous_10)
FNDA:0,(anonymous_11)
FNDA:0,(anonymous_12)
FNDA:0,(anonymous_13)
FNDA:0,(anonymous_14)
FNDA:0,(anonymous_15)
DA:9,5
DA:11,5
DA:16,5
DA:17,16
DA:19,16
DA:20,16
DA:21,16
DA:23,0
DA:24,0
DA:25,0
DA:28,0
DA:29,0
DA:30,0
DA:32,0
DA:33,0
DA:34,0
DA:38,16
DA:41,16
DA:42,0
DA:43,0
DA:48,0
DA:49,0
DA:50,0
DA:53,0
DA:58,16
DA:63,0
DA:64,0
DA:69,0
DA:72,0
DA:77,16
DA:78,0
DA:79,0
DA:82,16
DA:83,0
DA:84,0
DA:87,0
DA:88,0
DA:91,0
DA:96,16
LF:39
LH:13
BRDA:23,0,0,0
BRDA:23,0,1,0
BRF:2
BRH:0
end_of_record
TN:
SF:src\context\auth\authReducer.ts
FN:13,(anonymous_0)
FNF:1
FNH:0
FNDA:0,(anonymous_0)
DA:13,5
DA:14,0
DA:16,0
DA:22,0
DA:28,0
DA:34,0
LF:6
LH:1
BRDA:14,0,0,0
BRDA:14,0,1,0
BRDA:14,0,2,0
BRDA:14,0,3,0
BRF:4
BRH:0
end_of_record
TN:
SF:src\context\auth\index.ts
FNF:0
FNH:0
LF:0
LH:0
BRF:0
BRH:0
end_of_record
TN:
SF:src\theme\index.ts
FNF:0
FNH:0
DA:4,5
DA:10,5
LF:2
LH:2
BRF:0
BRH:0
end_of_record
TN:
SF:src\utils\api.ts
FN:8,(anonymous_0)
FNF:1
FNH:0
FNDA:0,(anonymous_0)
DA:4,5
DA:8,5
DA:9,0
DA:10,0
DA:12,0
LF:5
LH:2
BRDA:10,0,0,0
BRDA:10,0,1,0
BRF:2
BRH:0
end_of_record
TN:
SF:src\utils\index.ts
FNF:0
FNH:0
LF:0
LH:0
BRF:0
BRH:0
end_of_record
TN:
SF:src\utils\resolvers.ts
FNF:0
FNH:0
DA:5,5
DA:23,5
DA:30,5
DA:38,5
LF:4
LH:4
BRF:0
BRH:0
end_of_record
